<?xml version="1.0" encoding="UTF-8"?>
<!-- Generated by org.testng.reporters.JUnitXMLReporter -->
<testsuite ignored="0" hostname="DESKTOP-M6TBARC" failures="0" tests="1" name="Surefire test" time="0.039" errors="0" timestamp="2023-08-10T14:23:29 AEST">
  <testcase classname="parallelTest.SeleniumTest" name="@BeforeTest setup" time="-1.691641409732E9">
    <failure type="org.testng.TestNGException" message="
Parameter &amp;apos;browserType&amp;apos; is required by BeforeTest on method setup but has not been marked @Optional or defined
">
      <![CDATA[org.testng.TestNGException: 
Parameter 'browserType' is required by BeforeTest on method setup but has not been marked @Optional or defined

... Removed 26 stack frames]]>
    </failure>
  </testcase> <!-- @BeforeTest setup -->
  <testcase classname="parallelTest.SeleniumTest" name="testParameterWithXML" time="0.0">
    <skipped/>
  </testcase> <!-- testParameterWithXML -->
</testsuite> <!-- Surefire test -->
